mode: set
bukukas-inmemory-search/inmemorycache/cache.go:17.18,22.2 2 1
bukukas-inmemory-search/inmemorycache/cache.go:24.35,27.22 3 1
bukukas-inmemory-search/inmemorycache/cache.go:27.22,30.15 3 1
bukukas-inmemory-search/inmemorycache/cache.go:33.3,33.11 1 1
bukukas-inmemory-search/inmemorycache/cache.go:30.15,32.4 1 1
bukukas-inmemory-search/inmemorycache/cache.go:42.51,46.2 3 1
bukukas-inmemory-search/inmemorycache/cache.go:48.64,53.2 4 1
bukukas-inmemory-search/inmemorycache/cache.go:55.63,60.2 4 1
bukukas-inmemory-search/inmemorycache/di.go:8.36,12.2 3 1
bukukas-inmemory-search/inmemorycache/di.go:15.36,17.2 1 1
bukukas-inmemory-search/inmemorycache/trie.go:11.51,12.18 1 1
bukukas-inmemory-search/inmemorycache/trie.go:17.2,18.34 2 1
bukukas-inmemory-search/inmemorycache/trie.go:21.2,21.43 1 1
bukukas-inmemory-search/inmemorycache/trie.go:12.18,16.3 3 1
bukukas-inmemory-search/inmemorycache/trie.go:18.34,20.3 1 1
bukukas-inmemory-search/inmemorycache/trie.go:25.52,27.32 2 1
bukukas-inmemory-search/inmemorycache/trie.go:34.2,34.36 1 1
bukukas-inmemory-search/inmemorycache/trie.go:27.32,30.18 3 1
bukukas-inmemory-search/inmemorycache/trie.go:30.18,32.4 1 1
bukukas-inmemory-search/inmemorycache/trie.go:38.63,40.35 2 1
bukukas-inmemory-search/inmemorycache/trie.go:47.2,47.36 1 1
bukukas-inmemory-search/inmemorycache/trie.go:51.2,52.18 2 1
bukukas-inmemory-search/inmemorycache/trie.go:58.2,58.21 1 1
bukukas-inmemory-search/inmemorycache/trie.go:61.2,61.15 1 1
bukukas-inmemory-search/inmemorycache/trie.go:40.35,42.35 2 1
bukukas-inmemory-search/inmemorycache/trie.go:45.3,45.28 1 1
bukukas-inmemory-search/inmemorycache/trie.go:42.35,44.4 1 1
bukukas-inmemory-search/inmemorycache/trie.go:47.36,50.3 2 1
bukukas-inmemory-search/inmemorycache/trie.go:52.18,54.18 2 1
bukukas-inmemory-search/inmemorycache/trie.go:54.18,56.4 1 1
bukukas-inmemory-search/inmemorycache/trie.go:58.21,60.3 1 1
bukukas-inmemory-search/inmemorycache/trie.go:64.34,65.27 1 1
bukukas-inmemory-search/inmemorycache/trie.go:70.2,70.13 1 1
bukukas-inmemory-search/inmemorycache/trie.go:65.27,66.31 1 1
bukukas-inmemory-search/inmemorycache/trie.go:66.31,68.4 1 1
bukukas-inmemory-search/inmemorycache/trie.go:73.79,74.20 1 1
bukukas-inmemory-search/inmemorycache/trie.go:80.2,80.27 1 1
bukukas-inmemory-search/inmemorycache/trie.go:99.2,99.21 1 1
bukukas-inmemory-search/inmemorycache/trie.go:74.20,75.36 1 1
bukukas-inmemory-search/inmemorycache/trie.go:78.3,78.22 1 1
bukukas-inmemory-search/inmemorycache/trie.go:75.36,77.4 1 0
bukukas-inmemory-search/inmemorycache/trie.go:80.27,81.18 1 1
bukukas-inmemory-search/inmemorycache/trie.go:84.3,85.31 2 1
bukukas-inmemory-search/inmemorycache/trie.go:81.18,83.4 1 1
bukukas-inmemory-search/inmemorycache/trie.go:85.31,89.20 4 1
bukukas-inmemory-search/inmemorycache/trie.go:95.4,96.38 2 1
bukukas-inmemory-search/inmemorycache/trie.go:89.20,91.21 2 1
bukukas-inmemory-search/inmemorycache/trie.go:91.21,93.6 1 0
bukukas-inmemory-search/cmd/bukukas-inmemory-search/main.go:16.13,18.16 2 0
bukukas-inmemory-search/cmd/bukukas-inmemory-search/main.go:18.16,20.3 1 0
bukukas-inmemory-search/cmd/bukukas-inmemory-search/main.go:23.18,30.16 7 0
bukukas-inmemory-search/cmd/bukukas-inmemory-search/main.go:33.2,33.12 1 0
bukukas-inmemory-search/cmd/bukukas-inmemory-search/main.go:30.16,32.3 1 0
bukukas-inmemory-search/cmd/bukukas-inmemory-search/prometheus.go:21.63,23.2 1 0
bukukas-inmemory-search/cmd/bukukas-inmemory-search/prometheus.go:25.49,28.2 2 0
bukukas-inmemory-search/cmd/bukukas-inmemory-search/prometheus.go:51.59,52.71 1 0
bukukas-inmemory-search/cmd/bukukas-inmemory-search/prometheus.go:52.71,64.3 9 0
bukukas-inmemory-search/cmd/bukukas-inmemory-search/prometheus.go:67.22,69.16 2 0
bukukas-inmemory-search/cmd/bukukas-inmemory-search/prometheus.go:72.2,76.12 5 0
bukukas-inmemory-search/cmd/bukukas-inmemory-search/prometheus.go:69.16,71.3 1 0
bukukas-inmemory-search/cmd/bukukas-inmemory-search/prometheus.go:76.12,78.3 1 0
bukukas-inmemory-search/cmd/bukukas-inmemory-search/prometheus.go:81.33,83.16 2 0
bukukas-inmemory-search/cmd/bukukas-inmemory-search/prometheus.go:86.2,87.16 2 0
bukukas-inmemory-search/cmd/bukukas-inmemory-search/prometheus.go:90.2,91.16 2 0
bukukas-inmemory-search/cmd/bukukas-inmemory-search/prometheus.go:94.2,94.12 1 0
bukukas-inmemory-search/cmd/bukukas-inmemory-search/prometheus.go:83.16,85.3 1 0
bukukas-inmemory-search/cmd/bukukas-inmemory-search/prometheus.go:87.16,89.3 1 0
bukukas-inmemory-search/cmd/bukukas-inmemory-search/prometheus.go:91.16,93.3 1 0
bukukas-inmemory-search/cmd/bukukas-inmemory-search/flags.go:13.24,22.2 6 0
bukukas-inmemory-search/cmd/bukukas-inmemory-search/http.go:15.76,17.16 2 0
bukukas-inmemory-search/cmd/bukukas-inmemory-search/http.go:20.2,26.16 4 0
bukukas-inmemory-search/cmd/bukukas-inmemory-search/http.go:29.2,30.12 2 0
bukukas-inmemory-search/cmd/bukukas-inmemory-search/http.go:17.16,19.3 1 0
bukukas-inmemory-search/cmd/bukukas-inmemory-search/http.go:26.16,28.3 1 0
bukukas-inmemory-search/cmd/bukukas-inmemory-search/http.go:33.61,35.16 2 1
bukukas-inmemory-search/cmd/bukukas-inmemory-search/http.go:38.2,38.15 1 1
bukukas-inmemory-search/cmd/bukukas-inmemory-search/http.go:35.16,37.3 1 0
bukukas-inmemory-search/cmd/bukukas-inmemory-search/http.go:41.78,44.44 3 1
bukukas-inmemory-search/cmd/bukukas-inmemory-search/http.go:44.44,47.15 3 1
bukukas-inmemory-search/cmd/bukukas-inmemory-search/http.go:50.3,50.16 1 1
bukukas-inmemory-search/cmd/bukukas-inmemory-search/http.go:47.15,49.4 1 1
bukukas-inmemory-search/cmd/bukukas-inmemory-search/http.go:54.59,57.16 3 1
bukukas-inmemory-search/cmd/bukukas-inmemory-search/http.go:60.2,60.15 1 1
bukukas-inmemory-search/cmd/bukukas-inmemory-search/http.go:57.16,59.3 1 0
bukukas-inmemory-search/cmd/bukukas-inmemory-search/http.go:63.76,66.37 3 1
bukukas-inmemory-search/cmd/bukukas-inmemory-search/http.go:66.37,70.15 4 1
bukukas-inmemory-search/cmd/bukukas-inmemory-search/http.go:73.3,73.16 1 1
bukukas-inmemory-search/cmd/bukukas-inmemory-search/http.go:70.15,72.4 1 1
bukukas-inmemory-search/cmd/bukukas-inmemory-search/http.go:77.66,103.4 1 1
bukukas-inmemory-search/cmd/bukukas-inmemory-search/http.go:110.2,110.12 1 1
bukukas-inmemory-search/cmd/bukukas-inmemory-search/http.go:103.4,105.17 2 1
bukukas-inmemory-search/cmd/bukukas-inmemory-search/http.go:108.3,108.39 1 1
bukukas-inmemory-search/cmd/bukukas-inmemory-search/http.go:105.17,107.4 1 0
bukukas-inmemory-search/cmd/bukukas-inmemory-search/http.go:120.54,127.2 1 1
bukukas-inmemory-search/cmd/bukukas-inmemory-search/http.go:129.113,138.2 8 1
bukukas-inmemory-search/cmd/bukukas-inmemory-search/http.go:145.31,147.57 2 1
bukukas-inmemory-search/cmd/bukukas-inmemory-search/http.go:150.2,150.18 1 1
bukukas-inmemory-search/cmd/bukukas-inmemory-search/http.go:147.57,149.3 1 1
bukukas-inmemory-search/cmd/bukukas-inmemory-search/http_get.go:19.56,23.2 1 1
bukukas-inmemory-search/cmd/bukukas-inmemory-search/http_get.go:25.80,28.38 3 1
bukukas-inmemory-search/cmd/bukukas-inmemory-search/http_get.go:28.38,31.15 3 1
bukukas-inmemory-search/cmd/bukukas-inmemory-search/http_get.go:34.3,34.16 1 1
bukukas-inmemory-search/cmd/bukukas-inmemory-search/http_get.go:31.15,33.4 1 1
bukukas-inmemory-search/cmd/bukukas-inmemory-search/http_get.go:38.53,40.2 1 1
bukukas-inmemory-search/cmd/bukukas-inmemory-search/http_get.go:42.77,44.2 1 1
bukukas-inmemory-search/cmd/bukukas-inmemory-search/http_get.go:51.93,56.9 4 1
bukukas-inmemory-search/cmd/bukukas-inmemory-search/http_get.go:68.2,75.29 5 1
bukukas-inmemory-search/cmd/bukukas-inmemory-search/http_get.go:56.9,67.3 2 1
bukukas-inmemory-search/cmd/bukukas-inmemory-search/http_search.go:19.56,23.2 1 1
bukukas-inmemory-search/cmd/bukukas-inmemory-search/http_search.go:25.80,28.38 3 1
bukukas-inmemory-search/cmd/bukukas-inmemory-search/http_search.go:28.38,31.15 3 1
bukukas-inmemory-search/cmd/bukukas-inmemory-search/http_search.go:34.3,34.16 1 1
bukukas-inmemory-search/cmd/bukukas-inmemory-search/http_search.go:31.15,33.4 1 1
bukukas-inmemory-search/cmd/bukukas-inmemory-search/http_search.go:38.56,40.2 1 1
bukukas-inmemory-search/cmd/bukukas-inmemory-search/http_search.go:42.77,44.2 1 1
bukukas-inmemory-search/cmd/bukukas-inmemory-search/http_search.go:50.93,53.41 3 1
bukukas-inmemory-search/cmd/bukukas-inmemory-search/http_search.go:70.2,70.20 1 1
bukukas-inmemory-search/cmd/bukukas-inmemory-search/http_search.go:82.2,88.29 5 1
bukukas-inmemory-search/cmd/bukukas-inmemory-search/http_search.go:53.41,56.3 2 1
bukukas-inmemory-search/cmd/bukukas-inmemory-search/http_search.go:56.8,56.48 1 1
bukukas-inmemory-search/cmd/bukukas-inmemory-search/http_search.go:56.48,59.3 2 1
bukukas-inmemory-search/cmd/bukukas-inmemory-search/http_search.go:59.8,69.3 1 1
bukukas-inmemory-search/cmd/bukukas-inmemory-search/http_search.go:70.20,81.3 2 1
bukukas-inmemory-search/cmd/bukukas-inmemory-search/http_search.go:91.88,92.16 1 1
bukukas-inmemory-search/cmd/bukukas-inmemory-search/http_search.go:96.2,99.26 3 1
bukukas-inmemory-search/cmd/bukukas-inmemory-search/http_search.go:102.2,102.13 1 1
bukukas-inmemory-search/cmd/bukukas-inmemory-search/http_search.go:92.16,94.3 1 1
bukukas-inmemory-search/cmd/bukukas-inmemory-search/http_search.go:99.26,101.3 1 1
bukukas-inmemory-search/cmd/bukukas-inmemory-search/http_set.go:17.56,21.2 1 1
bukukas-inmemory-search/cmd/bukukas-inmemory-search/http_set.go:23.80,26.38 3 1
bukukas-inmemory-search/cmd/bukukas-inmemory-search/http_set.go:26.38,29.15 3 1
bukukas-inmemory-search/cmd/bukukas-inmemory-search/http_set.go:32.3,32.16 1 1
bukukas-inmemory-search/cmd/bukukas-inmemory-search/http_set.go:29.15,31.4 1 1
bukukas-inmemory-search/cmd/bukukas-inmemory-search/http_set.go:36.53,38.2 1 1
bukukas-inmemory-search/cmd/bukukas-inmemory-search/http_set.go:40.77,42.2 1 1
bukukas-inmemory-search/cmd/bukukas-inmemory-search/http_set.go:49.93,51.16 2 1
bukukas-inmemory-search/cmd/bukukas-inmemory-search/http_set.go:64.2,70.36 4 1
bukukas-inmemory-search/cmd/bukukas-inmemory-search/http_set.go:51.16,62.3 2 1
bukukas-inmemory-search/cmd/bukukas-inmemory-search/http_set.go:73.101,76.16 3 1
bukukas-inmemory-search/cmd/bukukas-inmemory-search/http_set.go:79.2,79.17 1 1
bukukas-inmemory-search/cmd/bukukas-inmemory-search/http_set.go:82.2,82.15 1 1
bukukas-inmemory-search/cmd/bukukas-inmemory-search/http_set.go:76.16,78.3 1 0
bukukas-inmemory-search/cmd/bukukas-inmemory-search/http_set.go:79.17,81.3 1 1
bukukas-inmemory-search/cmd/bukukas-inmemory-search/di.go:19.46,28.2 6 1
bukukas-inmemory-search/cmd/bukukas-inmemory-search/http_ping.go:14.36,16.2 1 1
bukukas-inmemory-search/cmd/bukukas-inmemory-search/http_ping.go:18.62,21.38 3 1
bukukas-inmemory-search/cmd/bukukas-inmemory-search/http_ping.go:21.38,24.15 3 1
bukukas-inmemory-search/cmd/bukukas-inmemory-search/http_ping.go:27.3,27.16 1 1
bukukas-inmemory-search/cmd/bukukas-inmemory-search/http_ping.go:24.15,26.4 1 1
bukukas-inmemory-search/cmd/bukukas-inmemory-search/http_ping.go:31.54,33.2 1 1
bukukas-inmemory-search/cmd/bukukas-inmemory-search/http_ping.go:35.75,37.2 1 0
bukukas-inmemory-search/cmd/bukukas-inmemory-search/http_ping.go:39.89,43.2 2 0
